<?xml version="1.0" encoding="UTF-8"?>
<!-- Generated by org.testng.reporters.JUnitXMLReporter -->
<testsuite ignored="1" hostname="LAPTOP-BD96GJ6G" failures="0" tests="1" name="Default test" time="16.655" errors="0" timestamp="2025-04-12T15:06:30 IST">
  <testcase classname="TestCases.ChangePasswordPageTC" name="backtorestconfigpassword" time="7.838"/>
  <testcase classname="TestCases.ChangePasswordPageTC" name="ChangepwdforUser" time="0.0">
    <ignored/>
  </testcase> <!-- ChangepwdforUser -->
</testsuite> <!-- Default test -->
