<?xml version="1.0" encoding="UTF-8"?>
<!-- Generated by org.testng.reporters.JUnitXMLReporter -->
<testsuite ignored="1" hostname="LAPTOP-BD96GJ6G" failures="0" tests="18" name="Test" time="819.91" errors="0" timestamp="2025-04-12T16:41:56 IST">
  <testcase classname="TestCases.SearchHotelTC" name="cancelBtnValidation" time="47.431"/>
  <testcase classname="TestCases.SearchHotelTC" name="continueBtnvalidation" time="32.163"/>
  <testcase classname="TestCases.SearchHotelTC" name="optionSelectsearchhotel" time="23.956"/>
  <testcase classname="TestCases.SearchHotelTC" name="pageNavigation" time="24.733"/>
  <testcase classname="TestCases.SearchHotelTC" name="resetHotelSearch" time="38.232"/>
  <testcase classname="TestCases.SearchHotelTC" name="userNameverify" time="27.775"/>
  <testcase classname="TestCases.SearchHotelTC" name="verifySearchResult" time="33.953"/>
  <testcase classname="TestCases.SearchHotelTC" name="withoutlocationsearch" time="9.673"/>
  <testcase classname="TestCases.BookhotelTC" name="bookNowcomplete" time="24.934"/>
  <testcase classname="TestCases.BookhotelTC" name="booknowPageerrorValidation" time="35.893"/>
  <testcase classname="TestCases.BookItineraryPageTC" name="bookHotelandCancelOrder" time="73.539"/>
  <testcase classname="TestCases.BookItineraryPageTC" name="logoutfromBookItinerary" time="52.739"/>
  <testcase classname="TestCases.BookItineraryPageTC" name="searchOrderID" time="109.256"/>
  <testcase classname="TestCases.ChangePasswordPageTC" name="backtorestconfigpassword" time="6.265"/>
  <testcase classname="TestCases.BookConfirmPageTC" name="afterbooklogoutpage" time="48.604"/>
  <testcase classname="TestCases.BookConfirmPageTC" name="afterbookmyitinerarypage" time="52.488"/>
  <testcase classname="TestCases.BookConfirmPageTC" name="afterbookmyitinerarypageValueVerify" time="44.093"/>
  <testcase classname="TestCases.BookConfirmPageTC" name="afterbooksearchpage" time="12.813"/>
  <testcase classname="TestCases.ChangePasswordPageTC" name="ChangepwdforUser" time="0.0">
    <ignored/>
  </testcase> <!-- ChangepwdforUser -->
</testsuite> <!-- Test -->
